build/app/outputs/mapping/release/seeds.txt
com.example.hls_player.MainActivity
com.example.hls_player.MainActivity: MainActivity()
...
io.flutter.embedding.engine.FlutterJNI: void invokePlatformMessageEmptyResponseCallback(int)
com.pichillilorenzo.flutter_inappwebview_android.webview.in_app_webview.InAppWebViewRenderProcessClient$2: void defaultBehaviour(java.lang.Integer)
io.flutter.embedding.engine.FlutterJNI: void markTextureFrameAvailable(long)
com.pichillilorenzo.flutter_inappwebview_android.webview.in_app_webview.InAppWebViewChromeClient: void createPromptDialog(android.webkit.WebView,java.lang.String,java.lang.String,android.webkit.JsPromptResult,java.lang.String,java.lang.String,java.lang.String,java.lang.String,java.lang.String)
androidx.vectordrawable.graphics.drawable.VectorDrawableCompat$VFullPath: float getStrokeAlpha()
com.pichillilorenzo.flutter_inappwebview_android.types.WebResourceRequestExt: void setMethod(java.lang.String)
com.pichillilorenzo.flutter_inappwebview_android.webview.in_app_webview.InAppWebViewClient$4: void defaultBehaviour(java.lang.Object)
com.pichillilorenzo.flutter_inappwebview_android.types.WebMessagePort: void dispose()
com.pichillilorenzo.flutter_inappwebview_android.chrome_custom_tabs.CustomTabsHelper: boolean hasSpecializedHandlerIntents(android.content.Context,android.content.Intent)
com.pichillilorenzo.flutter_inappwebview_android.print_job.PrintJobController: PrintJobController(java.lang.String,android.print.PrintJob,com.pichillilorenzo.flutter_inappwebview_android.print_job.PrintJobSettings,com.pichillilorenzo.flutter_inappwebview_android.InAppWebViewFlutterPlugin)
androidx.webkit.internal.ApiHelperForP: void start(android.webkit.TracingController,androidx.webkit.TracingConfig)
androidx.appcompat.widget.AppCompatMultiAutoCompleteTextView: void setSupportCompoundDrawablesTintMode(android.graphics.PorterDuff$Mode)
com.pichillilorenzo.flutter_inappwebview_android.in_app_browser.InAppBrowserActivity: void goForwardButtonClicked(android.view.MenuItem)
androidx.preference.SwitchPreference: SwitchPreference(android.content.Context,android.util.AttributeSet)
androidx.core.view.accessibility.AccessibilityNodeInfoCompat$Api34Impl: void setQueryFromAppProcessEnabled(android.view.accessibility.AccessibilityNodeInfo,android.view.View,boolean)
com.pichillilorenzo.flutter_inappwebview_android.types.URLAuthenticationChallenge: URLAuthenticationChallenge(com.pichillilorenzo.flutter_inappwebview_android.types.URLProtectionSpace)
androidx.appcompat.widget.LinearLayoutCompat: void setGravity(int)
com.pichillilorenzo.flutter_inappwebview_android.types.UserContentController: void removePluginScriptsByGroupName(java.lang.String)
androidx.core.app.ComponentActivity: boolean dispatchKeyShortcutEvent(android.view.KeyEvent)
androidx.webkit.internal.ApiHelperForN: boolean getAllowContentAccess(android.webkit.ServiceWorkerWebSettings)
com.pichillilorenzo.flutter_inappwebview_android.types.HttpAuthResponse: com.pichillilorenzo.flutter_inappwebview_android.types.HttpAuthResponse fromMap(java.util.Map)
androidx.preference.DropDownPreference: DropDownPreference(android.content.Context,android.util.AttributeSet)
androidx.webkit.internal.ApiHelperForN: boolean isRedirect(android.webkit.WebResourceRequest)
androidx.vectordrawable.graphics.drawable.VectorDrawableCompat$VFullPath: void setStrokeColor(int)
androidx.activity.OnBackPressedDispatcher$Api33Impl: android.window.OnBackInvokedCallback createOnBackInvokedCallback(kotlin.jvm.functions.Function0)
androidx.core.view.ViewParentCompat$Api21Impl: boolean onNestedPreFling(android.view.ViewParent,android.view.View,float,float)
com.pichillilorenzo.flutter_inappwebview_android.types.FindSession: int getSearchResultDisplayStyle()
androidx.appcompat.widget.DropDownListView: void setListSelectionHidden(boolean)
com.pichillilorenzo.flutter_inappwebview_android.types.JsAlertResponse: java.lang.Integer getAction()
androidx.fragment.app.FragmentActivity: void supportPostponeEnterTransition()
androidx.core.widget.NestedScrollView: void setNestedScrollingEnabled(boolean)