build/app/outputs/mapping/release/usage.txt
com.example.hls_player.R$drawable
com.example.hls_player.R$mipmap
com.example.hls_player.R$style
com.example.hls_player.R
...
androidx.core.content.res.TypedArrayUtils:
    public static boolean getBoolean(android.content.res.TypedArray,int,int,boolean)
    public static float getNamedFloat(android.content.res.TypedArray,org.xmlpull.v1.XmlPullParser,java.lang.String,int,float)
    public static int getNamedInt(android.content.res.TypedArray,org.xmlpull.v1.XmlPullParser,java.lang.String,int,int)
    public static java.lang.CharSequence[] getTextArray(android.content.res.TypedArray,int,int)
    public static android.util.TypedValue peekNamedValue(android.content.res.TypedArray,android.content.res.XmlResourceParser)
androidx.core.content.res.ViewingConditions:
    public static float getAw()
    public static float getC()
    public static float getFl()
    public static float getFlRoot()
    public static float getN()
    public static float getNbb()
    public static float getNc()
    public static float getNcb()
    public static float[] getRgbD()
    public static float getZ()
androidx.core.graphics.ColorUtils:
    public static final java.lang.ThreadLocal TEMP_ARRAY
    public static int constrain(int)
androidx.core.graphics.Insets$$InternalSyntheticApiModelOutline$2$3d9903e0d7c238cb9bfbac20bf7fcf9b914886a6e20621351e6747194928c6a0$0
androidx.core.graphics.Insets$$InternalSyntheticApiModelOutline$2$3d9903e0d7c238cb9bfbac20bf7fcf9b914886a6e20621351e6747194928c6a0$1
androidx.core.graphics.Insets$$InternalSyntheticApiModelOutline$2$3d9903e0d7c238cb9bfbac20bf7fcf9b914886a6e20621351e6747194928c6a0$2
androidx.core.graphics.Insets$$InternalSyntheticApiModelOutline$2$3d9903e0d7c238cb9bfbac20bf7fcf9b914886a6e20621351e6747194928c6a0$3
androidx.core.graphics.Insets:
    public static androidx.core.graphics.Insets of(android.graphics.Rect)
    public static androidx.core.graphics.Insets toCompatInsets(android.graphics.Insets)
androidx.core.graphics.PathParser$ExtractFloatResult
androidx.core.graphics.PathParser$PathDataNode:
    public static void interpolatePathDataNode()
androidx.core.graphics.PathParser:
    public static void addNode(java.util.ArrayList,char,float[])
androidx.core.graphics.TypefaceCompat$ResourcesCallbackAdapter:
    public static void onTypefaceRequestFailed()
    public static void onTypefaceRetrieved()
androidx.core.graphics.TypefaceCompat:
    public static android.graphics.Typeface createFromResourcesFontFile(android.content.Context,android.content.res.Resources,int,java.lang.String,int,int)
androidx.core.graphics.TypefaceCompatApi21Impl:
    static void <clinit>()
    public static java.io.File getFile()
androidx.core.graphics.TypefaceCompatApi24Impl:
    public static java.lang.Object newFamily$1()
androidx.core.graphics.TypefaceCompatApi26Impl:
    public static boolean addFontFromBuffer()
    public static java.lang.reflect.Method obtainAbortCreationMethod()
    public static java.lang.reflect.Method obtainAddFontFromBufferMethod()
    public static java.lang.Class obtainFontFamily()
    public static java.lang.reflect.Constructor obtainFontFamilyCtor()
    public static java.lang.reflect.Method obtainFreezeMethod()
androidx.core.graphics.TypefaceCompatBaseImpl$1:
    public final synthetic androidx.core.graphics.TypefaceCompatBaseImpl this$0
    public static int getWeight()
    public static boolean isItalic()
androidx.core.graphics.TypefaceCompatBaseImpl$2
androidx.core.graphics.TypefaceCompatBaseImpl:
    public java.util.concurrent.ConcurrentHashMap mFontFamilies
    public static void addFontFamily()
    public static androidx.core.content.res.FontResourcesParserCompat$FontFileResourceEntry findBestEntry()
    public static androidx.core.content.res.FontResourcesParserCompat$FontFamilyFilesResourceEntry getFontFamily()
androidx.core.graphics.drawable.IconCompat$Api23Impl
androidx.core.graphics.drawable.IconCompat$Api26Impl
androidx.core.graphics.drawable.IconCompat$Api30Impl